<?xml version="1.0" encoding="UTF-8"?>
<testsuite name="rspec" tests="20" skipped="0" failures="0" errors="0" time="0.016436" timestamp="2020-01-01T23:52:51-03:00" hostname="DESKTOP-SBTUKPN">
<properties>
<property name="seed" value="28088"/>
</properties>
<testcase classname="spec.avengers_spec" name="AvengerHeadQuarter deve adicionar um vingador" file="./spec/avengers_spec.rb" time="0.001551"></testcase>
<testcase classname="spec.avengers_spec" name="AvengerHeadQuarter deve adicionar uma lista de vingadores" file="./spec/avengers_spec.rb" time="0.006356"></testcase>
<testcase classname="spec.avengers_spec" name="AvengerHeadQuarter Thor deve ser o primeiro da lista" file="./spec/avengers_spec.rb" time="0.001688"></testcase>
<testcase classname="spec.avengers_spec" name="AvengerHeadQuarter Ironman deve ser o último da lista" file="./spec/avengers_spec.rb" time="0.000076"></testcase>
<testcase classname="spec.avengers_spec" name="AvengerHeadQuarter Deve conter o sobrenome" file="./spec/avengers_spec.rb" time="0.001662"></testcase>
<testcase classname="spec.bank.saque_cc_spec" name="ContaCorrente Saque Quando o Saldo é positivo Então atualiza o saldo" file="./spec/bank/saque_cc_spec.rb" time="0.000055"></testcase>
<testcase classname="spec.bank.saque_cc_spec" name="ContaCorrente Quando o saldo está zerado Then print message" file="./spec/bank/saque_cc_spec.rb" time="0.000042"></testcase>
<testcase classname="spec.bank.saque_cc_spec" name="ContaCorrente Quando o saldo está zerado E o saldo continua zerado" file="./spec/bank/saque_cc_spec.rb" time="0.000038"></testcase>
<testcase classname="spec.bank.saque_cc_spec" name="ContaCorrente Quando o saldo não é suficiente Then print message" file="./spec/bank/saque_cc_spec.rb" time="0.000039"></testcase>
<testcase classname="spec.bank.saque_cc_spec" name="ContaCorrente Quando o saldo não é suficiente E o saldo continua R$500.00" file="./spec/bank/saque_cc_spec.rb" time="0.000036"></testcase>
<testcase classname="spec.bank.saque_cc_spec" name="ContaCorrente Quando excede o limite por saque Then Print message" file="./spec/bank/saque_cc_spec.rb" time="0.000037"></testcase>
<testcase classname="spec.bank.saque_cc_spec" name="ContaCorrente Quando excede o limite por saque E o saldo continua R$1000.00" file="./spec/bank/saque_cc_spec.rb" time="0.000035"></testcase>
<testcase classname="spec.bank.saque_cp_spec" name="ContaPoupanca Saque Quando o Saldo é positivo Então atualiza o saldo" file="./spec/bank/saque_cp_spec.rb" time="0.000040"></testcase>
<testcase classname="spec.bank.saque_cp_spec" name="ContaPoupanca Quando o saldo está zerado Then print message" file="./spec/bank/saque_cp_spec.rb" time="0.000037"></testcase>
<testcase classname="spec.bank.saque_cp_spec" name="ContaPoupanca Quando o saldo está zerado E o saldo continua zerado" file="./spec/bank/saque_cp_spec.rb" time="0.000035"></testcase>
<testcase classname="spec.bank.saque_cp_spec" name="ContaPoupanca Quando o saldo não é suficiente Then print message" file="./spec/bank/saque_cp_spec.rb" time="0.000036"></testcase>
<testcase classname="spec.bank.saque_cp_spec" name="ContaPoupanca Quando o saldo não é suficiente E o saldo continua R$500.00" file="./spec/bank/saque_cp_spec.rb" time="0.000038"></testcase>
<testcase classname="spec.bank.saque_cp_spec" name="ContaPoupanca Quando excede o limite por saque Then Print message" file="./spec/bank/saque_cp_spec.rb" time="0.000036"></testcase>
<testcase classname="spec.bank.saque_cp_spec" name="ContaPoupanca Quando excede o limite por saque E o saldo continua R$1000.00" file="./spec/bank/saque_cp_spec.rb" time="0.000034"></testcase>
<testcase classname="spec.exemplo_spec" name="suite rspec soma de valores" file="./spec/exemplo_spec.rb" time="0.000036"></testcase>
</testsuite>
